# JRE version: OpenJDK Runtime Environment (21.0.4) (build 21.0.4+-12508038-b607.1)
# Java VM: OpenJDK 64-Bit Server VM (21.0.4+-12508038-b607.1, mixed mode, tiered, compressed oops, compressed class ptrs, g1 gc, windows-amd64)
GC Precious Log:
 CardTable entry size: 512
 Card Set container configuration: InlinePtr #cards 5 size 8 Array Of Cards #cards 12 size 40 Howl #buckets 4 coarsen threshold 1843 Howl Bitmap #cards 512 size 80 coarsen threshold 460 Card regions per heap region 1 cards per card region 2048
 CPUs: 12 total, 12 available
 Memory: 7916M
 Large Page Support: Disabled
 NUMA Support: Disabled
 Compressed Oops: Enabled (32-bit)
 Heap Region Size: 1M
 Heap Min Capacity: 8M
 Heap Initial Capacity: 124M
 Heap Max Capacity: 2G
 Pre-touch: Disabled
 Parallel Workers: 10
 Concurrent Workers: 3
 Concurrent Refinement Workers: 10
 Periodic GC: Disabled
Heap:
 garbage-first heap   total 92160K, used 43381K [0x0000000080000000, 0x0000000100000000)
  region size 1024K, 1 young (1024K), 1 survivors (1024K)
 Metaspace       used 35405K, committed 36288K, reserved 1114112K
  class space    used 4759K, committed 5184K, reserved 1048576K
GC Heap History (13 events):
Event: 0.344 GC heap before
{Heap before GC invocations=0 (full 0):
 garbage-first heap   total 126976K, used 22528K [0x0000000080000000, 0x0000000100000000)
  region size 1024K, 23 young (23552K), 0 survivors (0K)
 Metaspace       used 7987K, committed 8128K, reserved 1114112K
  class space    used 709K, committed 768K, reserved 1048576K
}
Event: 0.347 GC heap after
{Heap after GC invocations=1 (full 0):
 garbage-first heap   total 126976K, used 4736K [0x0000000080000000, 0x0000000100000000)
  region size 1024K, 3 young (3072K), 3 survivors (3072K)
 Metaspace       used 7987K, committed 8128K, reserved 1114112K
  class space    used 709K, committed 768K, reserved 1048576K
}
Event: 0.717 GC heap before
{Heap before GC invocations=1 (full 0):
 garbage-first heap   total 126976K, used 41600K [0x0000000080000000, 0x0000000100000000)
  region size 1024K, 35 young (35840K), 3 survivors (3072K)
 Metaspace       used 12076K, committed 12288K, reserved 1114112K
  class space    used 1273K, committed 1408K, reserved 1048576K
}
Event: 0.721 GC heap after
{Heap after GC invocations=2 (full 0):
 garbage-first heap   total 126976K, used 12355K [0x0000000080000000, 0x0000000100000000)
  region size 1024K, 4 young (4096K), 4 survivors (4096K)
 Metaspace       used 12076K, committed 12288K, reserved 1114112K
  class space    used 1273K, committed 1408K, reserved 1048576K
}
Event: 1.234 GC heap before
{Heap before GC invocations=2 (full 0):
 garbage-first heap   total 126976K, used 60483K [0x0000000080000000, 0x0000000100000000)
  region size 1024K, 49 young (50176K), 4 survivors (4096K)
 Metaspace       used 14832K, committed 14976K, reserved 1114112K
  class space    used 1610K, committed 1664K, reserved 1048576K
}
Event: 1.242 GC heap after
{Heap after GC invocations=3 (full 0):
 garbage-first heap   total 126976K, used 18695K [0x0000000080000000, 0x0000000100000000)
  region size 1024K, 7 young (7168K), 7 survivors (7168K)
 Metaspace       used 14832K, committed 14976K, reserved 1114112K
  class space    used 1610K, committed 1664K, reserved 1048576K
}
Event: 1.503 GC heap before
{Heap before GC invocations=3 (full 0):
 garbage-first heap   total 126976K, used 38151K [0x0000000080000000, 0x0000000100000000)
  region size 1024K, 27 young (27648K), 7 survivors (7168K)
 Metaspace       used 21181K, committed 21504K, reserved 1114112K
  class space    used 2430K, committed 2624K, reserved 1048576K
}
Event: 1.507 GC heap after
{Heap after GC invocations=4 (full 0):
 garbage-first heap   total 126976K, used 21914K [0x0000000080000000, 0x0000000100000000)
  region size 1024K, 8 young (8192K), 8 survivors (8192K)
 Metaspace       used 21181K, committed 21504K, reserved 1114112K
  class space    used 2430K, committed 2624K, reserved 1048576K
}
Event: 2.286 GC heap before
{Heap before GC invocations=5 (full 0):
 garbage-first heap   total 75776K, used 75162K [0x0000000080000000, 0x0000000100000000)
  region size 1024K, 60 young (61440K), 8 survivors (8192K)
 Metaspace       used 29808K, committed 30400K, reserved 1114112K
  class space    used 3813K, committed 4096K, reserved 1048576K
}
Event: 2.292 GC heap after
{Heap after GC invocations=6 (full 0):
 garbage-first heap   total 87040K, used 24932K [0x0000000080000000, 0x0000000100000000)
  region size 1024K, 6 young (6144K), 6 survivors (6144K)
 Metaspace       used 29808K, committed 30400K, reserved 1114112K
  class space    used 3813K, committed 4096K, reserved 1048576K
}
Event: 4.919 GC heap before
{Heap before GC invocations=6 (full 0):
 garbage-first heap   total 87040K, used 78180K [0x0000000080000000, 0x0000000100000000)
  region size 1024K, 48 young (49152K), 6 survivors (6144K)
 Metaspace       used 35079K, committed 35968K, reserved 1114112K
  class space    used 4705K, committed 5120K, reserved 1048576K
}
Event: 5.942 GC heap after
{Heap after GC invocations=7 (full 0):
 garbage-first heap   total 92160K, used 41429K [0x0000000080000000, 0x0000000100000000)
  region size 1024K, 7 young (7168K), 7 survivors (7168K)
 Metaspace       used 35079K, committed 35968K, reserved 1114112K
  class space    used 4705K, committed 5120K, reserved 1048576K
}
Event: 6.010 GC heap before
{Heap before GC invocations=7 (full 0):
 garbage-first heap   total 92160K, used 46549K [0x0000000080000000, 0x0000000100000000)
  region size 1024K, 12 young (12288K), 7 survivors (7168K)
 Metaspace       used 35405K, committed 36288K, reserved 1114112K
  class space    used 4759K, committed 5184K, reserved 1048576K
}

